-------------------------------------------------------------------------------
Test set: com.gojek.gofood.jbehave.AcceptanceTestSuite
-------------------------------------------------------------------------------
Tests run: 47, Failures: 0, Errors: 1, Skipped: 1, Time elapsed: 7.618 sec <<< FAILURE!
When I add 1 of Whopper Meal Medium to the cart(com.gojek.gofood.jbehave.steps.pemesanan.add_products_to_cart_steps)  Time elapsed: 0.008 sec  <<< ERROR!
java.lang.NullPointerException
	at com.gojek.gofood.jbehave.steps.pemesanan.add_products_to_cart_steps.whenAddingProductToCart(add_products_to_cart_steps.java:46)
	at sun.reflect.NativeMethodAccessorImpl.invoke0(Native Method)
	at sun.reflect.NativeMethodAccessorImpl.invoke(NativeMethodAccessorImpl.java:62)
	at sun.reflect.DelegatingMethodAccessorImpl.invoke(DelegatingMethodAccessorImpl.java:43)
	at java.lang.reflect.Method.invoke(Method.java:498)
	at org.jbehave.core.steps.StepCreator$ParameterisedStep.perform(StepCreator.java:550)
	at org.jbehave.core.embedder.StoryRunner$FineSoFar.run(StoryRunner.java:499)
	at org.jbehave.core.embedder.StoryRunner.runStepsWhileKeepingState(StoryRunner.java:479)
	at org.jbehave.core.embedder.StoryRunner.runScenarioSteps(StoryRunner.java:443)
	at org.jbehave.core.embedder.StoryRunner.runCancellable(StoryRunner.java:305)
	at org.jbehave.core.embedder.StoryRunner.run(StoryRunner.java:219)
	at org.jbehave.core.embedder.StoryRunner.run(StoryRunner.java:180)
	at org.jbehave.core.embedder.StoryManager$EnqueuedStory.call(StoryManager.java:229)
	at org.jbehave.core.embedder.StoryManager$EnqueuedStory.call(StoryManager.java:201)
	at java.util.concurrent.FutureTask.run(FutureTask.java:266)
	at java.util.concurrent.ThreadPoolExecutor.runWorker(ThreadPoolExecutor.java:1149)
	at java.util.concurrent.ThreadPoolExecutor$Worker.run(ThreadPoolExecutor.java:624)
	at java.lang.Thread.run(Thread.java:748)
