<?xml version="1.0" encoding="UTF-8" ?>
<testsuite failures="0" time="2.993" errors="0" skipped="0" tests="11" name="com.gojek.gofood.jbehave.AcceptanceTestSuite">
  <properties>
[...]
</properties>
  <testcase time="0.013" classname="java.lang.Object" name="BeforeStories"/>
  <testcase time="0.029" classname="com.gojek.gofood.jbehave.steps.mencari_makanan_promo_steps" name="Given a list of products : Whopper Meal Medium\u002C Paket Geprek Bensu\u002C Paket McSpicy Smokey BBQ Medium"/>
  <testcase time="0.002" classname="com.gojek.gofood.jbehave.steps.mencari_makanan_promo_steps" name="When these products are discounted in the same order: 20%\u002C 0%\u002C 40%"/>
  <testcase time="0.011" classname="com.gojek.gofood.jbehave.steps.mencari_makanan_promo_steps" name="Then I should be told about the products : Whopper Meal Medium\u002C Paket McSpicy Smokey BBQ Medium"/>
  <testcase time="0.013" classname="Scenario: Find products on sale" name="Scenario: Find products on sale"/>
  <testcase time="0.004" classname="com.gojek.gofood.jbehave.steps.mencari_makanan_promo_steps" name="Given a list of products : Whopper Meal Medium\u002C Paket Geprek Bensu\u002C Paket McSpicy Smokey BBQ Medium\u200B"/>
  <testcase time="0.005" classname="com.gojek.gofood.jbehave.steps.mencari_makanan_promo_steps" name="When the distances between the product and the customer in the same order are : 0.4\u002C 1.9\u002C 0.8 in kilometers"/>
  <testcase time="0.003" classname="com.gojek.gofood.jbehave.steps.mencari_makanan_promo_steps" name="Then I should be told about the products in order : Whopper Meal Medium\u002C Paket McSpicy Smokey BBQ Medium\u002C Paket Geprek Bensu"/>
  <testcase time="0.006" classname="Scenario: Find products with the closest distance" name="Scenario: Find products with the closest distance"/>
  <testcase time="0.017" classname="mencari_makanan_promo.story" name="mencari_makanan_promo.story"/>
  <testcase time="0.004" classname="java.lang.Object" name="AfterStories"/>
</testsuite>