<?xml version="1.0" encoding="UTF-8" ?>
<testsuite tests="44" failures="0" name="com.gojek.gofood.jbehave.AcceptanceTestSuite" time="11.053" errors="0" skipped="31">
  <properties>
[...]
</properties>
  <testcase classname="java.lang.Object" name="BeforeStories" time="0.034"/>
  <testcase classname="[PENDING] Given a list of products : Whopper Meal Medium\u002C Paket Geprek Bensu\u002C Paket McSpicy Smokey BBQ Medium" name="[PENDING] Given a list of products : Whopper Meal Medium\u002C Paket Geprek Bensu\u002C Paket McSpicy Smokey BBQ Medium" time="0.292">
    <skipped/>
  </testcase>
  <testcase classname="[PENDING] When these products are discounted in the same order: 20%\u002C 0%\u002C 40%" name="[PENDING] When these products are discounted in the same order: 20%\u002C 0%\u002C 40%" time="0.299">
    <skipped/>
  </testcase>
  <testcase classname="[PENDING] Then I should be told about the products : Whopper Meal Medium\u002C Paket McSpicy Smokey BBQ Medium" name="[PENDING] Then I should be told about the products : Whopper Meal Medium\u002C Paket McSpicy Smokey BBQ Medium" time="0.302">
    <skipped/>
  </testcase>
  <testcase classname="Scenario: Find products on sale" name="Scenario: Find products on sale" time="0.658"/>
  <testcase classname="[PENDING] Given a list of products on sale : Whopper Meal Medium\u002C Paket Geprek Bensu\u002C Paket McSpicy Smokey BBQ Medium" name="[PENDING] Given a list of products on sale : Whopper Meal Medium\u002C Paket Geprek Bensu\u002C Paket McSpicy Smokey BBQ Medium" time="0.001">
    <skipped/>
  </testcase>
  <testcase classname="[PENDING] When the distances between the product and the customer in the same order are : 0.4\u002C 1.9\u002C 0.8 in kilometers" name="[PENDING] When the distances between the product and the customer in the same order are : 0.4\u002C 1.9\u002C 0.8 in kilometers" time="0.002">
    <skipped/>
  </testcase>
  <testcase classname="[PENDING] Then I should be told about the products from the closest distance to the furthest : Whopper Meal Medium\u002C Paket McSpicy Smokey BBQ Medium\u002C Paket Geprek Bensu" name="[PENDING] Then I should be told about the products from the closest distance to the furthest : Whopper Meal Medium\u002C Paket McSpicy Smokey BBQ Medium\u002C Paket Geprek Bensu" time="0.014">
    <skipped/>
  </testcase>
  <testcase classname="Scenario: Sort products on sale from the closest distance to the furthest" name="Scenario: Sort products on sale from the closest distance to the furthest" time="0.029"/>
  <testcase classname="[PENDING] Given a list of products on sale with the same distance : Whopper Meal Medium\u002C Paket Geprek Bensu\u002C Paket McSpicy Smokey BBQ Medium" name="[PENDING] Given a list of products on sale with the same distance : Whopper Meal Medium\u002C Paket Geprek Bensu\u002C Paket McSpicy Smokey BBQ Medium" time="0.001">
    <skipped/>
  </testcase>
  <testcase classname="[PENDING] When the rates of the products are : 4\u002C 3.9\u002C 4.5 in stars" name="[PENDING] When the rates of the products are : 4\u002C 3.9\u002C 4.5 in stars" time="0.001">
    <skipped/>
  </testcase>
  <testcase classname="[PENDING] Then I should be told about the products in order from the highest rating to the lowest : Paket McSpicy Smokey BBQ Medium\u002C Whopper Meal Medium\u002C Paket Geprek Bensu" name="[PENDING] Then I should be told about the products in order from the highest rating to the lowest : Paket McSpicy Smokey BBQ Medium\u002C Whopper Meal Medium\u002C Paket Geprek Bensu" time="0.001">
    <skipped/>
  </testcase>
  <testcase classname="Scenario: Sort products on sale with the same distance from the highest rate" name="Scenario: Sort products on sale with the same distance from the highest rate" time="0.009"/>
  <testcase classname="[PENDING] Given a list of products on sale with the same distance and rating : Bubble Gum Fizz\u002C Big Mac\u002C Fanta McFloat" name="[PENDING] Given a list of products on sale with the same distance and rating : Bubble Gum Fizz\u002C Big Mac\u002C Fanta McFloat" time="0">
    <skipped/>
  </testcase>
  <testcase classname="[PENDING] When the category of products are : Drink\u002C Food\u002C Drink" name="[PENDING] When the category of products are : Drink\u002C Food\u002C Drink" time="0.001">
    <skipped/>
  </testcase>
  <testcase classname="[PENDING] Then I should be told about the products in order from foods to drinks : Big Mac\u002C Bubble Gum Fizz\u002C Fanta McFloat" name="[PENDING] Then I should be told about the products in order from foods to drinks : Big Mac\u002C Bubble Gum Fizz\u002C Fanta McFloat" time="0.001">
    <skipped/>
  </testcase>
  <testcase classname="Scenario: Sort products on sale by category if distance and rating are the same" name="Scenario: Sort products on sale by category if distance and rating are the same" time="0.018"/>
  <testcase classname="mencari_makanan_promo.story" name="mencari_makanan_promo.story" time="0.033"/>
  <testcase classname="[PENDING] Given an empty cart" name="[PENDING] Given an empty cart" time="0">
    <skipped/>
  </testcase>
  <testcase classname="[PENDING] And a list of products name : Whopper Meal Medium\u002C Paket Geprek Bensu\u002C Paket McSpicy Smokey BBQ Medium" name="[PENDING] And a list of products name : Whopper Meal Medium\u002C Paket Geprek Bensu\u002C Paket McSpicy Smokey BBQ Medium" time="0.001">
    <skipped/>
  </testcase>
  <testcase classname="[PENDING] And the product\&apos;s merchants in the same order are : Burger King\u002C Geprek Bensu\u002C McDonald\&apos;s" name="[PENDING] And the product\&apos;s merchants in the same order are : Burger King\u002C Geprek Bensu\u002C McDonald\&apos;s" time="0.001">
    <skipped/>
  </testcase>
  <testcase classname="[PENDING] When I add 2 of Whopper Meal Medium to the cart" name="[PENDING] When I add 2 of Whopper Meal Medium to the cart" time="0.001">
    <skipped/>
  </testcase>
  <testcase classname="[PENDING] Then there should be 2 of Whopper Meal Medium inside the cart" name="[PENDING] Then there should be 2 of Whopper Meal Medium inside the cart" time="0.001">
    <skipped/>
  </testcase>
  <testcase classname="Scenario: Adding a product to an empty cart" name="Scenario: Adding a product to an empty cart" time="0.01"/>
  <testcase classname="[PENDING] Given a list of products name : Whopper Meal Medium\u002C Paket Geprek Bensu\u002C Paket McSpicy Smokey BBQ Medium\u002C Fish Fillet" name="[PENDING] Given a list of products name : Whopper Meal Medium\u002C Paket Geprek Bensu\u002C Paket McSpicy Smokey BBQ Medium\u002C Fish Fillet" time="0">
    <skipped/>
  </testcase>
  <testcase classname="[PENDING] And the product\&apos;s merchants in the same order are : Burger King\u002C Geprek Bensu\u002C McDonald\&apos;s\u002C Burger King" name="[PENDING] And the product\&apos;s merchants in the same order are : Burger King\u002C Geprek Bensu\u002C McDonald\&apos;s\u002C Burger King" time="0">
    <skipped/>
  </testcase>
  <testcase classname="[PENDING] And a cart filled with 2 of Whopper Meal Medium from Burger King" name="[PENDING] And a cart filled with 2 of Whopper Meal Medium from Burger King" time="0.001">
    <skipped/>
  </testcase>
  <testcase classname="[PENDING] When I add 3 of Fish Fillet to the cart" name="[PENDING] When I add 3 of Fish Fillet to the cart" time="0.001">
    <skipped/>
  </testcase>
  <testcase classname="[PENDING] Then there should be 2 of Whopper Meal Medium inside the cart\u200B" name="[PENDING] Then there should be 2 of Whopper Meal Medium inside the cart\u200B" time="0.001">
    <skipped/>
  </testcase>
  <testcase classname="[PENDING] And there should be 3 of Fish Fillet inside the cart" name="[PENDING] And there should be 3 of Fish Fillet inside the cart" time="0.001">
    <skipped/>
  </testcase>
  <testcase classname="Scenario: Adding a product to a cart filled with products from the same merchant" name="Scenario: Adding a product to a cart filled with products from the same merchant" time="0.007"/>
  <testcase classname="add_products_to_cart.story" name="add_products_to_cart.story" time="0.019"/>
  <testcase classname="[PENDING] Given a user with no favorited products" name="[PENDING] Given a user with no favorited products" time="0">
    <skipped/>
  </testcase>
  <testcase classname="[PENDING] And available products : Paket Geprek Bensu\u002C Whopper" name="[PENDING] And available products : Paket Geprek Bensu\u002C Whopper" time="0.001">
    <skipped/>
  </testcase>
  <testcase classname="[PENDING] When the user favorited Paket Geprek Bensu" name="[PENDING] When the user favorited Paket Geprek Bensu" time="0.001">
    <skipped/>
  </testcase>
  <testcase classname="[PENDING] Then the user should have : Paket Geprek Bensu in their favorited products" name="[PENDING] Then the user should have : Paket Geprek Bensu in their favorited products" time="0.001">
    <skipped/>
  </testcase>
  <testcase classname="Scenario: Favoriting a product" name="Scenario: Favoriting a product" time="0.006"/>
  <testcase classname="[PENDING] Given a user with favorited products" name="[PENDING] Given a user with favorited products" time="0.001">
    <skipped/>
  </testcase>
  <testcase classname="[PENDING] And List of favorited products are : Paket Geprek Bensu\u002C Whopper in their favorited products" name="[PENDING] And List of favorited products are : Paket Geprek Bensu\u002C Whopper in their favorited products" time="0.001">
    <skipped/>
  </testcase>
  <testcase classname="[PENDING] When the user unfavorited Whopper" name="[PENDING] When the user unfavorited Whopper" time="0.001">
    <skipped/>
  </testcase>
  <testcase classname="[PENDING] Then the user should have : Paket Geprek Bensu in their favorited products\u200B" name="[PENDING] Then the user should have : Paket Geprek Bensu in their favorited products\u200B" time="0.001">
    <skipped/>
  </testcase>
  <testcase classname="Scenario: Unfavoriting a product" name="Scenario: Unfavoriting a product" time="0.005"/>
  <testcase classname="makanan_favorite.story" name="makanan_favorite.story" time="0.051"/>
  <testcase classname="java.lang.Object" name="AfterStories" time="6.786"/>
</testsuite>